2019-08-29 11:04:34,767 [Worker-0] INFO  c.g.t.t.d.PublishedGradleVersions - Gradle version information cache is out-of-date. Trying to update.
2019-08-29 11:08:59,291 [Worker-13] INFO  o.e.m.c.i.l.LifecycleMappingFactory - Using org.maven.ide.eclipse.wtp.WarLifecycleMapping lifecycle mapping for MavenProject: com.jumalu.spring:gestionContentieux:0.0.1-SNAPSHOT @ C:\Users\IN-DF-006\Documents\PROJET FINAL\gestion-contentieux\gestionContentieux\pom.xml.
2019-08-29 11:09:03,513 [Worker-13] WARN  o.e.m.c.i.embedder.EclipseLogger - Using platform encoding (Cp1252 actually) to copy filtered resources, i.e. build is platform dependent!
2019-08-29 11:09:03,525 [Worker-13] INFO  o.e.m.c.i.embedder.EclipseLogger - skip non existing resourceDirectory C:\Users\IN-DF-006\Documents\PROJET FINAL\gestion-contentieux\gestionContentieux\src\main\resources
2019-08-29 11:09:03,529 [Worker-13] WARN  o.e.m.c.i.embedder.EclipseLogger - Using platform encoding (Cp1252 actually) to copy filtered resources, i.e. build is platform dependent!
2019-08-29 11:09:03,539 [Worker-13] INFO  o.e.m.c.i.embedder.EclipseLogger - skip non existing resourceDirectory C:\Users\IN-DF-006\Documents\PROJET FINAL\gestion-contentieux\gestionContentieux\src\test\resources
2019-08-29 11:09:03,545 [Worker-13] INFO  o.e.m.w.i.f.ResourceFilteringBuildParticipant - Changed resources require a complete clean of filtered resources of gestionContentieux
2019-08-29 11:09:03,546 [Worker-13] INFO  o.e.m.w.i.f.ResourceFilteringBuildParticipant - Executing resource filtering for gestionContentieux
2019-08-29 11:09:03,610 [Worker-13] WARN  o.e.m.c.i.embedder.EclipseLogger - Using platform encoding (Cp1252 actually) to copy filtered resources, i.e. build is platform dependent!
2019-08-29 11:09:10,247 [Worker-13] INFO  o.e.m.j.i.AbstractJavaProjectConfigurator - Adding source folder /gestionContentieux/src
2019-08-29 11:09:10,248 [Worker-13] INFO  o.e.m.j.i.AbstractJavaProjectConfigurator - Not adding source folder /gestionContentieux/src/test/java because it overlaps with /gestionContentieux/src
2019-08-29 11:09:23,003 [Worker-13] WARN  o.e.m.c.i.embedder.EclipseLogger - Using platform encoding (Cp1252 actually) to copy filtered resources, i.e. build is platform dependent!
2019-08-29 11:09:23,086 [Worker-13] INFO  o.e.m.c.i.embedder.EclipseLogger - skip non existing resourceDirectory C:\Users\IN-DF-006\Documents\PROJET FINAL\gestion-contentieux\gestionContentieux\src\main\resources
2019-08-29 11:09:23,092 [Worker-13] WARN  o.e.m.c.i.embedder.EclipseLogger - Using platform encoding (Cp1252 actually) to copy filtered resources, i.e. build is platform dependent!
2019-08-29 11:09:23,163 [Worker-13] INFO  o.e.m.c.i.embedder.EclipseLogger - skip non existing resourceDirectory C:\Users\IN-DF-006\Documents\PROJET FINAL\gestion-contentieux\gestionContentieux\src\test\resources
2019-08-29 11:09:23,164 [Worker-13] INFO  o.e.m.w.i.f.ResourceFilteringBuildParticipant - Changed resources require a complete clean of filtered resources of gestionContentieux
2019-08-29 11:09:23,175 [Worker-13] INFO  o.e.m.w.i.f.ResourceFilteringBuildParticipant - Executing resource filtering for gestionContentieux
2019-08-29 11:09:23,185 [Worker-13] WARN  o.e.m.c.i.embedder.EclipseLogger - Using platform encoding (Cp1252 actually) to copy filtered resources, i.e. build is platform dependent!
2019-08-29 11:09:24,515 [Worker-13] INFO  o.e.m.c.i.p.ProjectConfigurationManager - Update started
2019-08-29 11:09:26,233 [Worker-13] INFO  o.e.m.c.i.l.LifecycleMappingFactory - Using org.maven.ide.eclipse.wtp.WarLifecycleMapping lifecycle mapping for MavenProject: com.jumalu.spring:gestionContentieux:0.0.1-SNAPSHOT @ C:\Users\IN-DF-006\Documents\PROJET FINAL\gestion-contentieux\gestionContentieux\pom.xml.
2019-08-29 11:09:28,995 [Worker-13] INFO  o.e.m.j.i.AbstractJavaProjectConfigurator - Adding source folder /gestionContentieux/src
2019-08-29 11:09:29,079 [Worker-13] INFO  o.e.m.j.i.AbstractJavaProjectConfigurator - Not adding source folder /gestionContentieux/src/test/java because it overlaps with /gestionContentieux/src
2019-08-29 11:09:29,305 [Worker-12] WARN  o.e.m.c.i.embedder.EclipseLogger - Using platform encoding (Cp1252 actually) to copy filtered resources, i.e. build is platform dependent!
2019-08-29 11:09:29,441 [Worker-12] INFO  o.e.m.c.i.embedder.EclipseLogger - skip non existing resourceDirectory C:\Users\IN-DF-006\Documents\PROJET FINAL\gestion-contentieux\gestionContentieux\src\main\resources
2019-08-29 11:09:29,608 [Worker-12] WARN  o.e.m.c.i.embedder.EclipseLogger - Using platform encoding (Cp1252 actually) to copy filtered resources, i.e. build is platform dependent!
2019-08-29 11:09:29,619 [Worker-12] INFO  o.e.m.c.i.embedder.EclipseLogger - skip non existing resourceDirectory C:\Users\IN-DF-006\Documents\PROJET FINAL\gestion-contentieux\gestionContentieux\src\test\resources
2019-08-29 11:09:29,631 [Worker-12] INFO  o.e.m.w.i.f.ResourceFilteringBuildParticipant - Changed resources require a complete clean of filtered resources of gestionContentieux
2019-08-29 11:09:29,631 [Worker-12] INFO  o.e.m.w.i.f.ResourceFilteringBuildParticipant - Executing resource filtering for gestionContentieux
2019-08-29 11:09:29,653 [Worker-12] WARN  o.e.m.c.i.embedder.EclipseLogger - Using platform encoding (Cp1252 actually) to copy filtered resources, i.e. build is platform dependent!
2019-08-29 11:09:30,627 [Worker-13] WARN  o.e.m.c.i.embedder.EclipseLogger - Using platform encoding (Cp1252 actually) to copy filtered resources, i.e. build is platform dependent!
2019-08-29 11:09:30,638 [Worker-13] INFO  o.e.m.c.i.embedder.EclipseLogger - skip non existing resourceDirectory C:\Users\IN-DF-006\Documents\PROJET FINAL\gestion-contentieux\gestionContentieux\src\main\resources
2019-08-29 11:09:30,640 [Worker-13] WARN  o.e.m.c.i.embedder.EclipseLogger - Using platform encoding (Cp1252 actually) to copy filtered resources, i.e. build is platform dependent!
2019-08-29 11:09:30,666 [Worker-13] INFO  o.e.m.c.i.embedder.EclipseLogger - skip non existing resourceDirectory C:\Users\IN-DF-006\Documents\PROJET FINAL\gestion-contentieux\gestionContentieux\src\test\resources
2019-08-29 11:09:30,857 [Worker-13] INFO  o.e.m.w.i.f.ResourceFilteringBuildParticipant - Cleaning filtered folder for gestionContentieux
2019-08-29 11:09:31,036 [Worker-13] INFO  o.e.m.c.i.p.ProjectConfigurationManager - Update completed: 6 sec
2019-08-29 11:09:31,204 [Worker-24] WARN  o.e.m.c.i.embedder.EclipseLogger - Using platform encoding (Cp1252 actually) to copy filtered resources, i.e. build is platform dependent!
2019-08-29 11:09:31,245 [Worker-24] INFO  o.e.m.c.i.embedder.EclipseLogger - skip non existing resourceDirectory C:\Users\IN-DF-006\Documents\PROJET FINAL\gestion-contentieux\gestionContentieux\src\main\resources
2019-08-29 11:09:31,253 [Worker-24] WARN  o.e.m.c.i.embedder.EclipseLogger - Using platform encoding (Cp1252 actually) to copy filtered resources, i.e. build is platform dependent!
2019-08-29 11:09:31,419 [Worker-24] INFO  o.e.m.c.i.embedder.EclipseLogger - skip non existing resourceDirectory C:\Users\IN-DF-006\Documents\PROJET FINAL\gestion-contentieux\gestionContentieux\src\test\resources
